make all --print-data-base --no-builtin-variables --no-builtin-rules --question
# GNU Make 4.2.1
# Built for x86_64-pc-linux-gnu
# Copyright (C) 1988-2016 Free Software Foundation, Inc.
# License GPLv3+: GNU GPL version 3 or later <http://gnu.org/licenses/gpl.html>
# This is free software: you are free to change and redistribute it.
# There is NO WARRANTY, to the extent permitted by law.

# Make data base, printed on Tue May 25 07:09:20 2021

# Variables

# 'override' directive
GNUMAKEFLAGS := 
# automatic
<D = $(patsubst %/,%,$(dir $<))
# automatic
?F = $(notdir $?)
# environment
PAPERSIZE = letter
# environment
DESKTOP_SESSION = ubuntu
# default
.SHELLFLAGS := -c
# environment
XDG_SESSION_CLASS = user
# makefile (from 'Makefile', line 61)
NVCCFLAGSLINK = $(NVCCDEBUG) $(NVCC_DP) $(NVCCOPT) $(NVCC_ARCH)
# environment
XDG_SESSION_TYPE = x11
# environment
VSCODE_LOG_NATIVE = false
# makefile (from 'Makefile', line 64)
TARGET = claret++
# automatic
?D = $(patsubst %/,%,$(dir $?))
# environment
IM_CONFIG_PHASE = 1
# automatic
@D = $(patsubst %/,%,$(dir $@))
# environment
XAUTHORITY = /run/user/1000/gdm/Xauthority
# environment
GDMSESSION = ubuntu
# environment
XMODIFIERS = @im=ibus
# makefile
CURDIR := /home/edgar/graphics/Claret/Claret++ALL
# makefile
SHELL = /bin/sh
# environment
VSCODE_NLS_CONFIG = {"locale":"en-us","availableLanguages":{},"_languagePackSupport":true}
# environment
_ = /usr/share/code/code
# environment
JOURNAL_STREAM = 8:32451
# environment
XDG_CONFIG_DIRS = /etc/xdg/xdg-ubuntu:/etc/xdg
# environment
OPTIX72_PATH = /home/edgar/Chmba/NV/OPTIX/NVIDIA-OptiX-SDK-7.2.0-linux64-x86_64
# makefile (from 'Makefile', line 1)
MAKEFILE_LIST :=  Makefile
# makefile (from 'Makefile', line 10)
NVCC = $(CUDA)/bin/nvcc
# automatic
@F = $(notdir $@)
# makefile (from 'Makefile', line 5)
GCC = gcc
# environment
GIO_LAUNCHED_DESKTOP_FILE = /usr/share/applications/code.desktop
# environment
USERNAME = edgar
# makefile (from 'Makefile', line 42)
DEBUGON := 0
 
# makefile (from 'Makefile', line 52)
CXXOPT := -std=c++11 -O3 -ffast-math -funroll-loops
# environment
MAKELEVEL := 0
# environment
XDG_DATA_DIRS = /usr/share/ubuntu:/usr/local/share/:/usr/share/:/var/lib/snapd/desktop
# makefile (from 'Makefile', line 60)
NVCCFLAGS = $(NVCCDEBUG) $(NVCC_DP) --compile $(NVCCOPT) $(NVCC_ARCH)
# environment
DBUS_SESSION_BUS_ADDRESS = unix:path=/run/user/1000/bus
# environment
VSCODE_VERBOSE_LOGGING = true
# environment
MANAGERPID = 982
# environment
LESSOPEN = | /usr/bin/lesspipe %s
# environment
LC_NAME = en_US.UTF-8
# environment
VSCODE_CWD = /home/edgar
# default
MAKE_HOST := x86_64-pc-linux-gnu
# environment
PATH = /home/edgar/.pyenv/plugins/pyenv-virtualenv/shims:/home/edgar/.pyenv/shims:/home/edgar/.pyenv/bin:/usr/local/sbin:/usr/local/bin:/usr/sbin:/usr/bin:/sbin:/bin:/usr/games:/usr/local/games:/snap/bin:/usr/local/cuda/bin:/home/edgar/soft/pycharm-2020.2.4/bin
# makefile (from 'Makefile', line 68)
OBJLIST = Main.o Crass.o WindowGL.o Render.o Accel.o shader.o text2D.o texture.o
# makefile (from 'Makefile', line 53)
NVCCDEBUG := 
# environment
GPG_AGENT_INFO = /run/user/1000/gnupg/S.gpg-agent:0:1
# environment
GJS_DEBUG_OUTPUT = stderr
# makefile (from 'Makefile', line 51)
CXXDEBUG := 
# environment
SESSION_MANAGER = local/edgar-PC:@/tmp/.ICE-unix/1261,unix/edgar-PC:/tmp/.ICE-unix/1261
# environment
XDG_RUNTIME_DIR = /run/user/1000
# makefile (from 'Makefile', line 54)
NVCCOPT := -std=c++11 -O3 --cudart=shared -use_fast_math
# environment
XDG_MENU_PREFIX = gnome-
# environment
VSCODE_LOG_STACK = false
# environment
VSCODE_CRASH_REPORTER_START_OPTIONS = {"companyName":"Microsoft","productName":"VSCode","submitURL":"appcenter://code?aid=fba07a4d-84bd-4fc8-a125-9640fc8ce171&uid=a574b2eb-77f7-4a91-b3fa-118c64fd9c5a&iid=a574b2eb-77f7-4a91-b3fa-118c64fd9c5a&sid=a574b2eb-77f7-4a91-b3fa-118c64fd9c5a","uploadToServer":true}
# environment
PYENV_ROOT = /home/edgar/.pyenv
# environment
INVOCATION_ID = 633f85462c374508bb0582fdf639a2df
# makefile (from 'Makefile', line 18)
GLLIB = -lGL -lGLU -lGLEW -lglfw
# default
.FEATURES := target-specific order-only second-expansion else-if shortest-stem undefine oneshell archives jobserver output-sync check-symlink load
# environment
LS_COLORS = 
# environment
XDG_SESSION_DESKTOP = ubuntu
# environment
SSH_AUTH_SOCK = /run/user/1000/keyring/ssh
# environment
GIO_LAUNCHED_DESKTOP_FILE_PID = 3904
# automatic
%F = $(notdir $%)
# environment
DISPLAY = :0
# environment
VSCODE_PIPE_LOGGING = true
# environment
PWD = /home/edgar/graphics/Claret/Claret++ALL
# default
.LOADED := 
# environment
SSH_AGENT_PID = 1226
# environment
ORIGINAL_XDG_CURRENT_DESKTOP = ubuntu:GNOME
# environment
GTK_MODULES = gail:atk-bridge
# makefile (from 'Makefile', line 59)
CXXFLAGS = $(CXXDEBUG) $(CXXOPT) -fopenmp
# environment
VSCODE_AMD_ENTRYPOINT = vs/workbench/services/extensions/node/extensionHostProcess
# environment
PYENV_SHELL = bash
# environment
HOME = /home/edgar
# environment
LD_LIBRARY_PATH = :/usr/local/cuda/lib64
# environment
LESSCLOSE = /usr/bin/lesspipe %s %s
# environment
LOGNAME = edgar
# environment
APPLICATION_INSIGHTS_NO_DIAGNOSTIC_CHANNEL = true
# automatic
+F = $(notdir $+)
# environment
VSCODE_HANDLES_UNCAUGHT_ERRORS = true
# environment
GNOME_DESKTOP_SESSION_ID = this-is-deprecated
# automatic
^D = $(patsubst %/,%,$(dir $^))
# makefile (from 'Makefile', line 23)
HOSTNAME = $(shell uname -n)
# environment
LC_TIME = en_US.UTF-8
# default
MAKE = $(MAKE_COMMAND)
# default
MAKECMDGOALS := all
# environment
QT_IM_MODULE = ibus
# environment
SHLVL = 0
# environment
GNOME_SHELL_SESSION_MODE = ubuntu
# environment
VSCODE_IPC_HOOK_EXTHOST = /run/user/1000/vscode-ipc-24a41bde-d314-4b47-b85f-43e99b849a4a.sock
# default
MAKE_VERSION := 4.2.1
# environment
USER = edgar
# environment
LC_MONETARY = en_US.UTF-8
# makefile
.DEFAULT_GOAL := all
# makefile (from 'Makefile', line 8)
CUDA = /usr/local/cuda-11.2
# environment
XDG_CURRENT_DESKTOP = Unity
# automatic
%D = $(patsubst %/,%,$(dir $%))
# environment
LC_TELEPHONE = en_US.UTF-8
# makefile (from 'Makefile', line 9)
CUDA_SDK = $(CUDA)/samples
# default
MAKE_COMMAND := make
# environment
VSCODE_NODE_CACHED_DATA_DIR = /home/edgar/.config/Code/CachedData/054a9295330880ed74ceaedda236253b4f39a335
# makefile (from 'Makefile', line 55)
NVCCFLAGSXCOMP := -Xcompiler -O3,-ffast-math,-funroll-loops,-fopenmp
# default
.VARIABLES := 
# automatic
*F = $(notdir $*)
# environment
VSCODE_IPC_HOOK = /run/user/1000/vscode-68e5a0de-1.56.2-main.sock
# makefile
MAKEFLAGS = pqrR
# environment
MFLAGS = -pqrR
# automatic
*D = $(patsubst %/,%,$(dir $*))
# environment
BREAKPAD_DUMP_LOCATION = /home/edgar/.config/Code/exthost Crash Reports
# makefile (from 'Makefile', line 13)
CUDAINC = -I$(CUDA)/include -I$(CUDA_SDK)/common/inc
# automatic
+D = $(patsubst %/,%,$(dir $+))
# environment
GDK_BACKEND = x11
# environment
LC_PAPER = en_US.UTF-8
# environment
QT_ACCESSIBILITY = 1
# 'override' directive
.SHELLSTATUS := 0
# default
MAKEFILES := 
# environment
LC_NUMERIC = en_US.UTF-8
# automatic
<F = $(notdir $<)
# environment
ELECTRON_RUN_AS_NODE = 1
# makefile (from 'Makefile', line 6)
CXX = g++
# environment
LC_MEASUREMENT = en_US.UTF-8
# makefile (from 'Makefile', line 19)
LIB = $(CUDALIB) $(GLLIB) -lm
# environment
LC_ALL = C
# environment
GJS_DEBUG_TOPICS = JS ERROR;JS LOG
# automatic
^F = $(notdir $^)
# default
SUFFIXES := 
# makefile (from 'Makefile', line 16)
CUDALIB = -L/usr/lib/x86_64-linux-gnu -L$(CUDA)/lib64 -lcuda -lcudart -lcudadevrt
# makefile (from 'Makefile', line 14)
INC = -I.
# environment
CHROME_DESKTOP = code-url-handler.desktop
# environment
WINDOWPATH = 2
# environment
PYENV_VIRTUALENV_INIT = 1
# default
.INCLUDE_DIRS = /usr/include /usr/local/include /usr/include
# environment
LC_IDENTIFICATION = en_US.UTF-8
# default
.RECIPEPREFIX := 
# environment
LC_ADDRESS = en_US.UTF-8
# environment
LANG = C
# makefile (from 'Makefile', line 34)
NVCC_ARCH = -gencode arch=compute_61,code=sm_61
# environment
VSCODE_PID = 3904
# variable set hash-table stats:
# Load=138/1024=13%, Rehash=0, Collisions=26/186=14%

# Pattern-specific Variable Values

# No pattern-specific variable values.

# Directories

# . (device 66305, inode 3412239): 46 files, no impossibilities.

# 46 files, no impossibilities in 1 directories.

# Implicit Rules

# No implicit rules.

# Files

# Not a target:
texture.cpp:
#  Implicit rule search has been done.
#  Last modified 2021-05-11 16:00:26.834348734
#  File has been updated.
#  Successfully updated.

WindowGL.o: WindowGL.cpp
#  Implicit rule search has not been done.
#  Last modified 2021-05-11 16:03:59.481744784
#  File has been updated.
#  Successfully updated.
#  recipe to execute (from 'Makefile', line 80):
	$(CXX) $(CXXFLAGS) $(INC) $(CUDAINC) -c $< -o $@	

text2D.o: text2D.cpp
#  Implicit rule search has not been done.
#  Last modified 2021-05-11 16:04:03.021734713
#  File has been updated.
#  Successfully updated.
#  recipe to execute (from 'Makefile', line 89):
	$(CXX) $(CXXFLAGS) $(INC) -c $< -o $@
	

shader.o: shader.cpp
#  Implicit rule search has not been done.
#  Last modified 2021-05-11 16:04:02.729735542
#  File has been updated.
#  Successfully updated.
#  recipe to execute (from 'Makefile', line 92):
	$(CXX) $(CXXFLAGS) $(INC) -c $< -o $@	
	

all: claret++
#  Command line target.
#  Implicit rule search has been done.
#  File does not exist.
#  File has been updated.
#  Successfully updated.

Crass.o: Crass.cpp
#  Implicit rule search has not been done.
#  Last modified 2021-05-11 16:03:58.893746458
#  File has been updated.
#  Successfully updated.
#  recipe to execute (from 'Makefile', line 77):
	$(CXX) $(CXXFLAGS) $(INC) $(CUDAINC) -c $< -o $@		
	

# Not a target:
Makefile:
#  Implicit rule search has been done.
 
#  Last modified 2021-05-11 16:21:47.179457904
#  File has been updated.
#  Successfully updated.

# Not a target:
Main.cpp:
#  Implicit rule search has been done.
#  Last modified 2021-05-11 16:22:00.319266575
#  File has been updated.
#  Successfully updated.

# Not a target:
Render.cpp:
#  Implicit rule search has been done.
#  Last modified 2021-05-11 16:00:27.570346649
#  File has been updated.
#  Successfully updated.

Accel.o: Accel.cu
#  Implicit rule search has not been done.
#  Last modified 2021-05-11 16:04:02.397736486
#  File has been updated.
#  Successfully updated.
#  recipe to execute (from 'Makefile', line 86):
	$(NVCC) $(NVCCFLAGS) $(NVCCFLAGSXCOMP) $(INC) $(CUDAINC) $< -o $@ 
	

texture.o: texture.cpp
#  Implicit rule search has not been done.
#  Last modified 2021-05-11 16:04:03.10973446
#  File has been updated.
#  Successfully updated.
#  recipe to execute (from 'Makefile', line 95):
	$(CXX) $(CXXFLAGS) $(INC) -c $< -o $@	

# Not a target:
.DEFAULT:
#  Implicit rule search has not been done.
#  Modification time never checked.
#  File has not been updated.

# Not a target:
WindowGL.cpp:
#  Implicit rule search has been done.
#  Last modified 2021-05-11 16:00:27.570346649
#  File has been updated.
#  Successfully updated.

# Not a target:
text2D.cpp:
#  Implicit rule search has been done.
#  Last modified 2021-05-11 16:00:27.566346659
#  File has been updated.
#  Successfully updated.

# Not a target:
shader.cpp:
#  Implicit rule search has been done.
#  Last modified 2021-05-11 16:00:26.834348734
#  File has been updated.
#  Successfully updated.

clean:
#  Implicit rule search has not been done.
#  Modification time never checked.
#  File has not been updated.
#  recipe to execute (from 'Makefile', line 98):
	-rm -f *.o 
	-rm -f $(TARGET)

Main.o: Main.cpp
#  Implicit rule search has not been done.
#  Last modified 2021-05-11 16:22:04.387207822
#  File has been updated.
#  Successfully updated.
#  recipe to execute (from 'Makefile', line 74):
	$(CXX) $(CXXFLAGS) $(INC) $(CUDAINC) $(CUDAINC) -c $< -o $@ 
	

 
claret++: Main.o Crass.o WindowGL.o Render.o Accel.o shader.o text2D.o texture.o
#  Implicit rule search has not been done.
#  Last modified 2021-05-11 16:22:04.491206323
#  File has been updated.
#  Successfully updated.
#  recipe to execute (from 'Makefile', line 71):
	$(NVCC) $(NVCCFLAGSLINK) $(NVCCFLAGSXCOMP) $(CUDAINC) -o $@ $(OBJLIST) $(LIB) 

# Not a target:
Crass.cpp:
#  Implicit rule search has been done.
#  Last modified 2021-05-11 16:00:27.570346649
#  File has been updated.
#  Successfully updated.

Render.o: Render.cpp
#  Implicit rule search has not been done.
#  Last modified 2021-05-11 16:04:00.461741995
#  File has been updated.
#  Successfully updated.
#  recipe to execute (from 'Makefile', line 83):
	$(CXX) $(CXXFLAGS) $(INC) $(CUDAINC) -c $< -o $@
	

# Not a target:
Accel.cu:
#  Implicit rule search has been done.
#  Last modified 2021-05-11 16:00:27.558346681
#  File has been updated.
#  Successfully updated.

# files hash-table stats:
# Load=22/1024=2%, Rehash=0, Collisions=0/59=0%
# VPATH Search Paths

# No 'vpath' search paths.

# No general ('VPATH' variable) search path.

# strcache buffers: 1 (0) / strings = 52 / storage = 552 B / avg = 10 B
# current buf: size = 8162 B / used = 552 B / count = 52 / avg = 10 B

# strcache performance: lookups = 94 / hit rate = 44%
# hash-table stats:
# Load=52/8192=1%, Rehash=0, Collisions=1/94=1%
# Finished Make data base on Tue May 25 07:09:20 2021

 
